<?xml version="1.0" encoding="UTF-8"?>
<testsuite name="RockPaperScissorsTest" tests="3" skipped="0" failures="0" errors="0" timestamp="2016-09-07T18:57:38" hostname="epicodus-8.local" time="0.002">
  <properties/>
  <testcase name="pickWinner_PaperBeatsRock_Player1" classname="RockPaperScissorsTest" time="0.001"/>
  <testcase name="pickWinner_RockTiesRock" classname="RockPaperScissorsTest" time="0.0"/>
  <testcase name="pickWinner_RockBeatsScissors_1" classname="RockPaperScissorsTest" time="0.0"/>
  <system-out><![CDATA[]]></system-out>
  <system-err><![CDATA[]]></system-err>
</testsuite>
